2019-10-31T16:03:41.862Z thumbsup:warn dcraw (https://www.cybercom.net/~dcoffin/dcraw/) is not installed. You will not be able to process RAW photos.
2019-10-31T16:03:52.552Z thumbsup:error Error processing af57f8a9ce9c573a0f7f2182d3c9aefc.jpg -> media/thumbs/af57f8a9ce9c573a0f7f2182d3c9aefc.jpg
2019-10-31T16:03:52.552Z thumbsup:error Error: Command failed: gm identify: No decode delegate for this image format (/input/af57f8a9ce9c573a0f7f2182d3c9aefc.jpg).
2019-10-31T16:03:52.552Z thumbsup:error gm identify: Request did not return an image.
2019-10-31T16:03:52.552Z thumbsup:error 
2019-10-31T16:03:52.559Z thumbsup:error Error processing af57f8a9ce9c573a0f7f2182d3c9aefc.jpg -> media/small/af57f8a9ce9c573a0f7f2182d3c9aefc.jpg
2019-10-31T16:03:52.559Z thumbsup:error Error: Command failed: gm identify: No decode delegate for this image format (/input/af57f8a9ce9c573a0f7f2182d3c9aefc.jpg).
2019-10-31T16:03:52.559Z thumbsup:error gm identify: Request did not return an image.
2019-10-31T16:03:52.559Z thumbsup:error 
2019-10-31T16:03:52.565Z thumbsup:error Error processing af57f8a9ce9c573a0f7f2182d3c9aefc.jpg -> media/large/af57f8a9ce9c573a0f7f2182d3c9aefc.jpg
2019-10-31T16:03:52.565Z thumbsup:error Error: Command failed: gm identify: No decode delegate for this image format (/input/af57f8a9ce9c573a0f7f2182d3c9aefc.jpg).
2019-10-31T16:03:52.565Z thumbsup:error gm identify: Request did not return an image.
2019-10-31T16:03:52.565Z thumbsup:error 
2019-10-31T16:04:04.254Z thumbsup:error Error processing e15b0367d4c9493c1b1923f0607eb426.jpg -> media/thumbs/e15b0367d4c9493c1b1923f0607eb426.jpg
2019-10-31T16:04:04.254Z thumbsup:error Error: Command failed: gm identify: No decode delegate for this image format (/input/e15b0367d4c9493c1b1923f0607eb426.jpg).
2019-10-31T16:04:04.254Z thumbsup:error gm identify: Request did not return an image.
2019-10-31T16:04:04.254Z thumbsup:error 
2019-10-31T16:04:04.260Z thumbsup:error Error processing e15b0367d4c9493c1b1923f0607eb426.jpg -> media/small/e15b0367d4c9493c1b1923f0607eb426.jpg
2019-10-31T16:04:04.260Z thumbsup:error Error: Command failed: gm identify: No decode delegate for this image format (/input/e15b0367d4c9493c1b1923f0607eb426.jpg).
2019-10-31T16:04:04.260Z thumbsup:error gm identify: Request did not return an image.
2019-10-31T16:04:04.260Z thumbsup:error 
2019-10-31T16:04:04.266Z thumbsup:error Error processing e15b0367d4c9493c1b1923f0607eb426.jpg -> media/large/e15b0367d4c9493c1b1923f0607eb426.jpg
2019-10-31T16:04:04.266Z thumbsup:error Error: Command failed: gm identify: No decode delegate for this image format (/input/e15b0367d4c9493c1b1923f0607eb426.jpg).
2019-10-31T16:04:04.266Z thumbsup:error gm identify: Request did not return an image.
2019-10-31T16:04:04.266Z thumbsup:error 
2019-10-31T16:04:04.275Z thumbsup:error Error processing 305bf0c89fdf2b8f4642ed0d7c55858d.jpg -> media/thumbs/305bf0c89fdf2b8f4642ed0d7c55858d.jpg
2019-10-31T16:04:04.275Z thumbsup:error Error: Command failed: gm identify: No decode delegate for this image format (/input/305bf0c89fdf2b8f4642ed0d7c55858d.jpg).
2019-10-31T16:04:04.275Z thumbsup:error gm identify: Request did not return an image.
2019-10-31T16:04:04.275Z thumbsup:error 
2019-10-31T16:04:04.281Z thumbsup:error Error processing 305bf0c89fdf2b8f4642ed0d7c55858d.jpg -> media/small/305bf0c89fdf2b8f4642ed0d7c55858d.jpg
2019-10-31T16:04:04.281Z thumbsup:error Error: Command failed: gm identify: No decode delegate for this image format (/input/305bf0c89fdf2b8f4642ed0d7c55858d.jpg).
2019-10-31T16:04:04.281Z thumbsup:error gm identify: Request did not return an image.
2019-10-31T16:04:04.281Z thumbsup:error 
2019-10-31T16:04:04.290Z thumbsup:error Error processing 305bf0c89fdf2b8f4642ed0d7c55858d.jpg -> media/large/305bf0c89fdf2b8f4642ed0d7c55858d.jpg
2019-10-31T16:04:04.290Z thumbsup:error Error: Command failed: gm identify: No decode delegate for this image format (/input/305bf0c89fdf2b8f4642ed0d7c55858d.jpg).
2019-10-31T16:04:04.290Z thumbsup:error gm identify: Request did not return an image.
2019-10-31T16:04:04.290Z thumbsup:error 
2019-10-31T16:04:16.846Z thumbsup:error Error processing 7bdf428350991cb9170ea61a28a595f2.jpg -> media/thumbs/7bdf428350991cb9170ea61a28a595f2.jpg
2019-10-31T16:04:16.846Z thumbsup:error Error: Command failed: gm identify: No decode delegate for this image format (/input/7bdf428350991cb9170ea61a28a595f2.jpg).
2019-10-31T16:04:16.846Z thumbsup:error gm identify: Request did not return an image.
2019-10-31T16:04:16.846Z thumbsup:error 
2019-10-31T16:04:16.853Z thumbsup:error Error processing 7bdf428350991cb9170ea61a28a595f2.jpg -> media/small/7bdf428350991cb9170ea61a28a595f2.jpg
2019-10-31T16:04:16.853Z thumbsup:error Error: Command failed: gm identify: No decode delegate for this image format (/input/7bdf428350991cb9170ea61a28a595f2.jpg).
2019-10-31T16:04:16.853Z thumbsup:error gm identify: Request did not return an image.
2019-10-31T16:04:16.853Z thumbsup:error 
2019-10-31T16:04:16.860Z thumbsup:error Error processing 7bdf428350991cb9170ea61a28a595f2.jpg -> media/large/7bdf428350991cb9170ea61a28a595f2.jpg
2019-10-31T16:04:16.860Z thumbsup:error Error: Command failed: gm identify: No decode delegate for this image format (/input/7bdf428350991cb9170ea61a28a595f2.jpg).
2019-10-31T16:04:16.860Z thumbsup:error gm identify: Request did not return an image.
2019-10-31T16:04:16.860Z thumbsup:error 
2019-10-31T16:04:17.610Z thumbsup:warn The following sources files were not processed:
2019-10-31T16:04:17.610Z thumbsup:warn af57f8a9ce9c573a0f7f2182d3c9aefc.jpg,e15b0367d4c9493c1b1923f0607eb426.jpg,305bf0c89fdf2b8f4642ed0d7c55858d.jpg,7bdf428350991cb9170ea61a28a595f2.jpg
